[store] 997 existing articles
[2025-08] crawling archive…
[2025-08] 25 archive page(s)
[2025-08] 100 unique article URLs
[2025-09] crawling archive…
[2025-09] 24 archive page(s)
[2025-09] 100 unique article URLs
[2025-10] crawling archive…
[2025-10] 25 archive page(s)
[2025-10] 100 unique article URLs
[2025-11] crawling archive…
[2025-11] 23 archive page(s)
[2025-11] 100 unique article URLs
[2025-12] crawling archive…
[2025-12] 25 archive page(s)
[2025-12] 100 unique article URLs
[2026-01] crawling archive…
[2026-01] 25 archive page(s)
[2026-01] 100 unique article URLs
[2026-02] crawling archive…
[2026-02] 22 archive page(s)
[2026-02] 100 unique article URLs
[2026-03] crawling archive…
[2026-03] 25 archive page(s)
[2026-03] 100 unique article URLs
[2026-04] crawling archive…
[2026-04] 24 archive page(s)
[2026-04] 100 unique article URLs
[2026-05] crawling archive…
[2026-05] 19 archive page(s)
[2026-05] 95 unique article URLs
[plan] 995 URLs found, 0 new (after dedupe)
